<?xml version="1.0" encoding="UTF-8"?>
<testsuite xmlns:xsi="http://www.w3.org/2001/XMLSchema-instance" xsi:noNamespaceSchemaLocation="https://maven.apache.org/surefire/maven-surefire-plugin/xsd/surefire-test-report-3.0.xsd" version="3.0" name="TestSuite" time="16.57" tests="9" errors="0" skipped="0" failures="0">
  <properties>
[...]
</properties>
  <testcase name="testCreateUser[1212, tuser01, abcd, ntest1, a@yopmail.com, test#2, 9876543210](1)" classname="api.tests.UsersTests" time="3.174">
    <system-out><![CDATA[[TestNGContentHandler] [WARN] It is strongly recommended to add "<!DOCTYPE suite SYSTEM "http://testng.org/testng-1.0.dtd" >" at the top of your file, otherwise TestNG may fail or not work as expected.
HTTP/1.1 200 OK
Date: Fri, 02 Jun 2023 14:07:48 GMT
Content-Type: application/json
Transfer-Encoding: chunked
Connection: keep-alive
Access-Control-Allow-Origin: *
Access-Control-Allow-Methods: GET, POST, DELETE, PUT
Access-Control-Allow-Headers: Content-Type, api_key, Authorization
Server: Jetty(9.2.9.v20150224)

{
    "code": 200,
    "type": "unknown",
    "message": "1212"
}
]]></system-out>
    <system-err><![CDATA[ERROR StatusLogger Log4j2 could not find a logging implementation. Please add log4j-core to the classpath. Using SimpleLogger to log to the console...
]]></system-err>
  </testcase>
  <testcase name="testCreateUser[1213, tuser02, efgh, ntest2, b@yopmail.com, test#2, 9876543211](2)" classname="api.tests.UsersTests" time="1.289">
    <system-out><![CDATA[HTTP/1.1 200 OK
Date: Fri, 02 Jun 2023 14:07:49 GMT
Content-Type: application/json
Transfer-Encoding: chunked
Connection: keep-alive
Access-Control-Allow-Origin: *
Access-Control-Allow-Methods: GET, POST, DELETE, PUT
Access-Control-Allow-Headers: Content-Type, api_key, Authorization
Server: Jetty(9.2.9.v20150224)

{
    "code": 200,
    "type": "unknown",
    "message": "1213"
}
]]></system-out>
  </testcase>
  <testcase name="testCreateUser[1214, tuser03, ijkl, ntest3, c@yopmail.com, test#2, 9876543212](3)" classname="api.tests.UsersTests" time="1.326">
    <system-out><![CDATA[HTTP/1.1 200 OK
Date: Fri, 02 Jun 2023 14:07:51 GMT
Content-Type: application/json
Transfer-Encoding: chunked
Connection: keep-alive
Access-Control-Allow-Origin: *
Access-Control-Allow-Methods: GET, POST, DELETE, PUT
Access-Control-Allow-Headers: Content-Type, api_key, Authorization
Server: Jetty(9.2.9.v20150224)

{
    "code": 200,
    "type": "unknown",
    "message": "1214"
}
]]></system-out>
  </testcase>
  <testcase name="updateUserTest[tuser01](1)" classname="api.tests.UsersTests" time="1.193">
    <system-out><![CDATA[HTTP/1.1 200 OK
Date: Fri, 02 Jun 2023 14:07:52 GMT
Content-Type: application/json
Transfer-Encoding: chunked
Connection: keep-alive
Access-Control-Allow-Origin: *
Access-Control-Allow-Methods: GET, POST, DELETE, PUT
Access-Control-Allow-Headers: Content-Type, api_key, Authorization
Server: Jetty(9.2.9.v20150224)

{
    "code": 200,
    "type": "unknown",
    "message": "0"
}
]]></system-out>
  </testcase>
  <testcase name="updateUserTest[tuser02](2)" classname="api.tests.UsersTests" time="1.179">
    <system-out><![CDATA[HTTP/1.1 200 OK
Date: Fri, 02 Jun 2023 14:07:53 GMT
Content-Type: application/json
Transfer-Encoding: chunked
Connection: keep-alive
Access-Control-Allow-Origin: *
Access-Control-Allow-Methods: GET, POST, DELETE, PUT
Access-Control-Allow-Headers: Content-Type, api_key, Authorization
Server: Jetty(9.2.9.v20150224)

{
    "code": 200,
    "type": "unknown",
    "message": "0"
}
]]></system-out>
  </testcase>
  <testcase name="updateUserTest[tuser03](3)" classname="api.tests.UsersTests" time="1.22">
    <system-out><![CDATA[HTTP/1.1 200 OK
Date: Fri, 02 Jun 2023 14:07:54 GMT
Content-Type: application/json
Transfer-Encoding: chunked
Connection: keep-alive
Access-Control-Allow-Origin: *
Access-Control-Allow-Methods: GET, POST, DELETE, PUT
Access-Control-Allow-Headers: Content-Type, api_key, Authorization
Server: Jetty(9.2.9.v20150224)

{
    "code": 200,
    "type": "unknown",
    "message": "0"
}
]]></system-out>
  </testcase>
  <testcase name="testGetUser[tuser01](1)" classname="api.tests.UsersTests" time="1.168">
    <system-out><![CDATA[HTTP/1.1 200 OK
Date: Fri, 02 Jun 2023 14:07:56 GMT
Content-Type: application/json
Transfer-Encoding: chunked
Connection: keep-alive
Access-Control-Allow-Origin: *
Access-Control-Allow-Methods: GET, POST, DELETE, PUT
Access-Control-Allow-Headers: Content-Type, api_key, Authorization
Server: Jetty(9.2.9.v20150224)

{
    "id": 1212,
    "username": "tuser01",
    "email": "a@yopmail.com",
    "password": "test#2",
    "phone": "9876543210",
    "userStatus": 0
}
]]></system-out>
  </testcase>
  <testcase name="testGetUser[tuser02](2)" classname="api.tests.UsersTests" time="1.3">
    <system-out><![CDATA[HTTP/1.1 200 OK
Date: Fri, 02 Jun 2023 14:07:57 GMT
Content-Type: application/json
Transfer-Encoding: chunked
Connection: keep-alive
Access-Control-Allow-Origin: *
Access-Control-Allow-Methods: GET, POST, DELETE, PUT
Access-Control-Allow-Headers: Content-Type, api_key, Authorization
Server: Jetty(9.2.9.v20150224)

{
    "id": 1213,
    "username": "tuser02",
    "email": "b@yopmail.com",
    "password": "test#2",
    "phone": "9876543211",
    "userStatus": 0
}
]]></system-out>
  </testcase>
  <testcase name="testGetUser[tuser03](3)" classname="api.tests.UsersTests" time="1.259">
    <system-out><![CDATA[HTTP/1.1 200 OK
Date: Fri, 02 Jun 2023 14:07:58 GMT
Content-Type: application/json
Transfer-Encoding: chunked
Connection: keep-alive
Access-Control-Allow-Origin: *
Access-Control-Allow-Methods: GET, POST, DELETE, PUT
Access-Control-Allow-Headers: Content-Type, api_key, Authorization
Server: Jetty(9.2.9.v20150224)

{
    "id": 1214,
    "username": "tuser03",
    "email": "c@yopmail.com",
    "password": "test#2",
    "phone": "9876543212",
    "userStatus": 0
}
]]></system-out>
  </testcase>
</testsuite>