<?xml version="1.0" encoding="UTF-8"?>
<!-- Generated by org.testng.reporters.JUnitXMLReporter -->
<testsuite hostname="DESKTOP-HSUOAA9" ignored="0" name="Users" tests="9" failures="0" timestamp="02 Jun 2023 14:07:58 GMT" time="14.809" errors="0">
  <testcase name="testCreateUser" time="3.164" classname="api.tests.UsersTests"/>
  <testcase name="testCreateUser" time="1.288" classname="api.tests.UsersTests"/>
  <testcase name="testCreateUser" time="1.328" classname="api.tests.UsersTests"/>
  <testcase name="updateUserTest" time="1.19" classname="api.tests.UsersTests"/>
  <testcase name="updateUserTest" time="1.177" classname="api.tests.UsersTests"/>
  <testcase name="updateUserTest" time="1.22" classname="api.tests.UsersTests"/>
  <testcase name="testGetUser" time="1.164" classname="api.tests.UsersTests"/>
  <testcase name="testGetUser" time="1.301" classname="api.tests.UsersTests"/>
  <testcase name="testGetUser" time="1.259" classname="api.tests.UsersTests"/>
</testsuite> <!-- Users -->
